This is XeTeX, Version 3.141592653-2.6-0.999995 (TeX Live 2023) (preloaded format=xelatex 2023.8.26)  26 MAY 2026 10:54
entering extended mode
 \write18 enabled.
 %&-line parsing enabled.
**main.tikz
(./main.tikz
LaTeX2e <2022-11-01> patch level 1
L3 programming layer <2023-02-22>

! LaTeX Error: Environment tikzpicture undefined.

See the LaTeX manual or LaTeX Companion for explanation.
Type  H <return>  for immediate help.
 ...                                              
                                                  
l.1 \begin{tikzpicture}
                       [scale=0.6]
? X
 
Here is how much of TeX's memory you used:
 17 strings out of 476683
 434 string characters out of 5804047
 1842018 words of memory out of 5000000
 20363 multiletter control sequences out of 15000+600000
 512287 words of font info for 32 fonts, out of 8000000 for 9000
 1348 hyphenation exceptions out of 8191
 12i,0n,12p,72b,16s stack positions out of 10000i,1000n,20000p,200000b,200000s
No pages of output.
